No videos yet so lets get some
[
  {
    name: 'ATT Archives',
    index: 0,
    videos: [
      [Object], [Object],
      [Object], [Object],
      [Object], [Object],
      [Object], [Object],
      [Object], [Object]
    ]
  },
  { name: 'Nerd TV', index: 0, videos: [] },
  { name: 'Bad Influence', index: 0, videos: [] },
  { name: 'Games Master', index: 0, videos: [] },
  { name: 'VandA Top10', index: 0, videos: [] },
  { name: 'Bits and Bytes', index: 0, videos: [] },
  { name: 'ElectricPlayground', index: 0, videos: [] },
  { name: 'Icons', index: 0, videos: [] },
  { name: 'Computer Chronicles', index: 0, videos: [] },
  { name: 'ScreenSavers', index: 0, videos: [] },
  { name: 'Documentary Channel', index: 0, videos: [] },
  { name: 'RetroTV', index: 0, videos: [] },
  { name: 'SeaQuest DSV', index: 0, videos: [] },
  { name: 'The Movie Network', index: 0, videos: [] },
  { name: 'X-Men/Transcoded', index: 0, videos: [] },
  { name: 'Short Circuitz', index: 0, videos: [] },
  { name: 'ReBoot', index: 0, videos: [] },
  {
    name: 'Star Trek TNG/Star.Trek.The.Next.Generation.S05.NTSC.DVD.DD5.1.x264-JCH',
    index: 0,
    videos: []
  },
  { name: 'Cosmos Original', index: 0, videos: [] },
  {
    name: 'Futurama/Futurama Season 1 Transcoded',
    index: 0,
    videos: []
  },
  {
    name: 'Super Mario Bros/Super Mario Brothers 3',
    index: 0,
    videos: []
  },
  { name: 'Legend of Zelda', index: 0, videos: [] },
  {
    name: 'Star Trek TNG/Star.Trek.The.Next.Generation.S01.NTSC.DVD.DD5.1.x264-JCH',
    index: 0,
    videos: []
  },
  {
    name: 'The Real Ghostbusters - Season 1-7/Season 1 - 13 eps - dvdrip - mer-der',
    index: 0,
    videos: []
  },
  { name: 'Sliders/Sliders full/Season 1', index: 0, videos: [] },
  {
    name: 'Super Mario Bros/Super Mario Bros Super Show Vol2/SMBSS2 Disk 1',
    index: 0,
    videos: []
  },
  { name: 'Duckman/Duckman Season 1 Transcoded', index: 0, videos: [] },
  { name: 'Sonic', index: 0, videos: [] }
]
args for omxplayer: [
  '/media/video/UHF/ATT Archives/1979 Bell Labs project for the deaf to communicate over telephone lines using American Sign Language-XUJWX1H8ohM.mp4',
  '-o',
  'local',
  '--blank',
  '--no-osd',
  '--aspect-mode',
  'fill'
]
tv station up on 3000
